-------------------------------------------------------------------------------
Test set: Persistencia.JPAExampleTest
-------------------------------------------------------------------------------
Tests run: 22, Failures: 0, Errors: 22, Skipped: 0, Time elapsed: 1.704 sec <<< FAILURE! - in Persistencia.JPAExampleTest
testDeleteFavouriteList(Persistencia.JPAExampleTest)  Time elapsed: 1.468 sec  <<< ERROR!
java.lang.ExceptionInInitializerError: null
	at javax.naming.spi.NamingManager.getInitialContext(NamingManager.java:662)
	at javax.naming.InitialContext.getDefaultInitCtx(InitialContext.java:313)
	at javax.naming.InitialContext.getURLOrDefaultInitCtx(InitialContext.java:410)
	at javax.naming.InitialContext.lookup(InitialContext.java:421)
	at org.eclipse.persistence.sessions.JNDIConnector.connect(JNDIConnector.java:115)
	at org.eclipse.persistence.sessions.DatasourceLogin.connectToDatasource(DatasourceLogin.java:170)
	at org.eclipse.persistence.internal.sessions.DatabaseSessionImpl.setOrDetectDatasource(DatabaseSessionImpl.java:228)
	at org.eclipse.persistence.internal.sessions.DatabaseSessionImpl.loginAndDetectDatasource(DatabaseSessionImpl.java:804)
	at org.eclipse.persistence.internal.jpa.EntityManagerFactoryProvider.login(EntityManagerFactoryProvider.java:254)
	at org.eclipse.persistence.internal.jpa.EntityManagerSetupImpl.deploy(EntityManagerSetupImpl.java:757)
	at org.eclipse.persistence.internal.jpa.EntityManagerFactoryDelegate.getAbstractSession(EntityManagerFactoryDelegate.java:216)
	at org.eclipse.persistence.internal.jpa.EntityManagerFactoryDelegate.getDatabaseSession(EntityManagerFactoryDelegate.java:194)
	at org.eclipse.persistence.internal.jpa.EntityManagerFactoryImpl.getDatabaseSession(EntityManagerFactoryImpl.java:540)
	at org.eclipse.persistence.jpa.PersistenceProvider.createEntityManagerFactoryImpl(PersistenceProvider.java:150)
	at org.eclipse.persistence.jpa.PersistenceProvider.createEntityManagerFactory(PersistenceProvider.java:188)
	at javax.persistence.Persistence.createEntityManagerFactory(Persistence.java:79)
	at javax.persistence.Persistence.createEntityManagerFactory(Persistence.java:54)
	at Persistencia.EntityManagerUtil.<clinit>(EntityManagerUtil.java:26)
	at Persistencia.JPAExample.<init>(JPAExample.java:25)
	at Persistencia.JPAExampleTest.setUp(JPAExampleTest.java:49)

testDeleteManager(Persistencia.JPAExampleTest)  Time elapsed: 0.001 sec  <<< ERROR!
java.lang.NoClassDefFoundError: Could not initialize class Persistencia.EntityManagerUtil
	at Persistencia.JPAExample.<init>(JPAExample.java:25)
	at Persistencia.JPAExampleTest.setUp(JPAExampleTest.java:49)

testListarCampsitesFavList(Persistencia.JPAExampleTest)  Time elapsed: 0.001 sec  <<< ERROR!
java.lang.NoClassDefFoundError: Could not initialize class Persistencia.EntityManagerUtil
	at Persistencia.JPAExample.<init>(JPAExample.java:25)
	at Persistencia.JPAExampleTest.setUp(JPAExampleTest.java:49)

testSearchUtilizador(Persistencia.JPAExampleTest)  Time elapsed: 0.001 sec  <<< ERROR!
java.lang.NoClassDefFoundError: Could not initialize class Persistencia.EntityManagerUtil
	at Persistencia.JPAExample.<init>(JPAExample.java:25)
	at Persistencia.JPAExampleTest.setUp(JPAExampleTest.java:49)

testSaveUtilizador(Persistencia.JPAExampleTest)  Time elapsed: 0.001 sec  <<< ERROR!
java.lang.NoClassDefFoundError: Could not initialize class Persistencia.EntityManagerUtil
	at Persistencia.JPAExample.<init>(JPAExample.java:25)
	at Persistencia.JPAExampleTest.setUp(JPAExampleTest.java:49)

testListarCampsite_Location(Persistencia.JPAExampleTest)  Time elapsed: 0 sec  <<< ERROR!
java.lang.NoClassDefFoundError: Could not initialize class Persistencia.EntityManagerUtil
	at Persistencia.JPAExample.<init>(JPAExample.java:25)
	at Persistencia.JPAExampleTest.setUp(JPAExampleTest.java:49)

testUpdateCampsite(Persistencia.JPAExampleTest)  Time elapsed: 0.001 sec  <<< ERROR!
java.lang.NoClassDefFoundError: Could not initialize class Persistencia.EntityManagerUtil
	at Persistencia.JPAExample.<init>(JPAExample.java:25)
	at Persistencia.JPAExampleTest.setUp(JPAExampleTest.java:49)

testSaveFavouriteList(Persistencia.JPAExampleTest)  Time elapsed: 0.001 sec  <<< ERROR!
java.lang.NoClassDefFoundError: Could not initialize class Persistencia.EntityManagerUtil
	at Persistencia.JPAExample.<init>(JPAExample.java:25)
	at Persistencia.JPAExampleTest.setUp(JPAExampleTest.java:49)

testSaveReservation(Persistencia.JPAExampleTest)  Time elapsed: 0 sec  <<< ERROR!
java.lang.NoClassDefFoundError: Could not initialize class Persistencia.EntityManagerUtil
	at Persistencia.JPAExample.<init>(JPAExample.java:25)
	at Persistencia.JPAExampleTest.setUp(JPAExampleTest.java:49)

testUpdateCamper(Persistencia.JPAExampleTest)  Time elapsed: 0.001 sec  <<< ERROR!
java.lang.NoClassDefFoundError: Could not initialize class Persistencia.EntityManagerUtil
	at Persistencia.JPAExample.<init>(JPAExample.java:25)
	at Persistencia.JPAExampleTest.setUp(JPAExampleTest.java:49)

testSearchManager(Persistencia.JPAExampleTest)  Time elapsed: 0.001 sec  <<< ERROR!
java.lang.NoClassDefFoundError: Could not initialize class Persistencia.EntityManagerUtil
	at Persistencia.JPAExample.<init>(JPAExample.java:25)
	at Persistencia.JPAExampleTest.setUp(JPAExampleTest.java:49)

testDeleteCamper(Persistencia.JPAExampleTest)  Time elapsed: 0.001 sec  <<< ERROR!
java.lang.NoClassDefFoundError: Could not initialize class Persistencia.EntityManagerUtil
	at Persistencia.JPAExample.<init>(JPAExample.java:25)
	at Persistencia.JPAExampleTest.setUp(JPAExampleTest.java:49)

testSaveCamper(Persistencia.JPAExampleTest)  Time elapsed: 0.001 sec  <<< ERROR!
java.lang.NoClassDefFoundError: Could not initialize class Persistencia.EntityManagerUtil
	at Persistencia.JPAExample.<init>(JPAExample.java:25)
	at Persistencia.JPAExampleTest.setUp(JPAExampleTest.java:49)

testListarCampsite_Manager(Persistencia.JPAExampleTest)  Time elapsed: 0.004 sec  <<< ERROR!
java.lang.NoClassDefFoundError: Could not initialize class Persistencia.EntityManagerUtil
	at Persistencia.JPAExample.<init>(JPAExample.java:25)
	at Persistencia.JPAExampleTest.setUp(JPAExampleTest.java:49)

testDeleteReservation(Persistencia.JPAExampleTest)  Time elapsed: 0.001 sec  <<< ERROR!
java.lang.NoClassDefFoundError: Could not initialize class Persistencia.EntityManagerUtil
	at Persistencia.JPAExample.<init>(JPAExample.java:25)
	at Persistencia.JPAExampleTest.setUp(JPAExampleTest.java:49)

testSearchCamper(Persistencia.JPAExampleTest)  Time elapsed: 0.001 sec  <<< ERROR!
java.lang.NoClassDefFoundError: Could not initialize class Persistencia.EntityManagerUtil
	at Persistencia.JPAExample.<init>(JPAExample.java:25)
	at Persistencia.JPAExampleTest.setUp(JPAExampleTest.java:49)

testSearchCampsite(Persistencia.JPAExampleTest)  Time elapsed: 0.001 sec  <<< ERROR!
java.lang.NoClassDefFoundError: Could not initialize class Persistencia.EntityManagerUtil
	at Persistencia.JPAExample.<init>(JPAExample.java:25)
	at Persistencia.JPAExampleTest.setUp(JPAExampleTest.java:49)

testSaveCampsite(Persistencia.JPAExampleTest)  Time elapsed: 0 sec  <<< ERROR!
java.lang.NoClassDefFoundError: Could not initialize class Persistencia.EntityManagerUtil
	at Persistencia.JPAExample.<init>(JPAExample.java:25)
	at Persistencia.JPAExampleTest.setUp(JPAExampleTest.java:49)

testDeleteCampsite(Persistencia.JPAExampleTest)  Time elapsed: 0 sec  <<< ERROR!
java.lang.NoClassDefFoundError: Could not initialize class Persistencia.EntityManagerUtil
	at Persistencia.JPAExample.<init>(JPAExample.java:25)
	at Persistencia.JPAExampleTest.setUp(JPAExampleTest.java:49)

testSaveManager(Persistencia.JPAExampleTest)  Time elapsed: 0.001 sec  <<< ERROR!
java.lang.NoClassDefFoundError: Could not initialize class Persistencia.EntityManagerUtil
	at Persistencia.JPAExample.<init>(JPAExample.java:25)
	at Persistencia.JPAExampleTest.setUp(JPAExampleTest.java:49)

testListarReservations(Persistencia.JPAExampleTest)  Time elapsed: 0.001 sec  <<< ERROR!
java.lang.NoClassDefFoundError: Could not initialize class Persistencia.EntityManagerUtil
	at Persistencia.JPAExample.<init>(JPAExample.java:25)
	at Persistencia.JPAExampleTest.setUp(JPAExampleTest.java:49)

testUpdateManager(Persistencia.JPAExampleTest)  Time elapsed: 0.001 sec  <<< ERROR!
java.lang.NoClassDefFoundError: Could not initialize class Persistencia.EntityManagerUtil
	at Persistencia.JPAExample.<init>(JPAExample.java:25)
	at Persistencia.JPAExampleTest.setUp(JPAExampleTest.java:49)

