<?xml version="1.0" encoding="UTF-8" ?>
<testsuite tests="1" failures="1" name="Persistencia.JPAExampleTest" time="1.973" errors="0" skipped="0">
  <properties>
[...]
</properties>
  <testcase classname="Persistencia.JPAExampleTest" name="testSaveCamper" time="1.817">
    <failure message="The test case is a prototype." type="java.lang.AssertionError">java.lang.AssertionError: The test case is a prototype.
	at org.junit.Assert.fail(Assert.java:88)
	at Persistencia.JPAExampleTest.testSaveCamper(JPAExampleTest.java:75)
	at sun.reflect.NativeMethodAccessorImpl.invoke0(Native Method)
	at sun.reflect.NativeMethodAccessorImpl.invoke(NativeMethodAccessorImpl.java:62)
	at sun.reflect.DelegatingMethodAccessorImpl.invoke(DelegatingMethodAccessorImpl.java:43)
	at java.lang.reflect.Method.invoke(Method.java:498)
	at org.junit.runners.model.FrameworkMethod$1.runReflectiveCall(FrameworkMethod.java:50)
	at org.junit.internal.runners.model.ReflectiveCallable.run(ReflectiveCallable.java:12)
	at org.junit.runners.model.FrameworkMethod.invokeExplosively(FrameworkMethod.java:47)
	at org.junit.internal.runners.statements.InvokeMethod.evaluate(InvokeMethod.java:17)
	at org.junit.internal.runners.statements.RunBefores.evaluate(RunBefores.java:26)
	at org.junit.internal.runners.statements.RunAfters.evaluate(RunAfters.java:27)
	at org.junit.runners.ParentRunner.runLeaf(ParentRunner.java:325)
	at org.junit.runners.BlockJUnit4ClassRunner.runChild(BlockJUnit4ClassRunner.java:78)
	at org.junit.runners.BlockJUnit4ClassRunner.runChild(BlockJUnit4ClassRunner.java:57)
	at org.junit.runners.ParentRunner$3.run(ParentRunner.java:290)
	at org.junit.runners.ParentRunner$1.schedule(ParentRunner.java:71)
	at org.junit.runners.ParentRunner.runChildren(ParentRunner.java:288)
	at org.junit.runners.ParentRunner.access$000(ParentRunner.java:58)
	at org.junit.runners.ParentRunner$2.evaluate(ParentRunner.java:268)
	at org.junit.internal.runners.statements.RunBefores.evaluate(RunBefores.java:26)
	at org.junit.internal.runners.statements.RunAfters.evaluate(RunAfters.java:27)
	at org.junit.runners.ParentRunner.run(ParentRunner.java:363)
	at org.apache.maven.surefire.junit4.JUnit4TestSet.execute(JUnit4TestSet.java:53)
	at org.apache.maven.surefire.junit4.JUnit4Provider.executeTestSet(JUnit4Provider.java:123)
	at org.apache.maven.surefire.junit4.JUnit4Provider.invoke(JUnit4Provider.java:104)
	at sun.reflect.NativeMethodAccessorImpl.invoke0(Native Method)
	at sun.reflect.NativeMethodAccessorImpl.invoke(NativeMethodAccessorImpl.java:62)
	at sun.reflect.DelegatingMethodAccessorImpl.invoke(DelegatingMethodAccessorImpl.java:43)
	at java.lang.reflect.Method.invoke(Method.java:498)
	at org.apache.maven.surefire.util.ReflectionUtils.invokeMethodWithArray(ReflectionUtils.java:164)
	at org.apache.maven.surefire.booter.ProviderFactory$ProviderProxy.invoke(ProviderFactory.java:110)
	at org.apache.maven.surefire.booter.SurefireStarter.invokeProvider(SurefireStarter.java:175)
	at org.apache.maven.surefire.booter.SurefireStarter.runSuitesInProcessWhenForked(SurefireStarter.java:107)
	at org.apache.maven.surefire.booter.ForkedBooter.main(ForkedBooter.java:68)
</failure>
    <system-out>[EL Fine]: server: 2018-07-01 16:10:15.075--Thread(Thread[main,5,main])--Configured server platform: org.eclipse.persistence.platform.server.NoServerPlatform
[EL Finest]: jpa: 2018-07-01 16:10:15.083--ServerSession(1454127753)--Thread(Thread[main,5,main])--Begin predeploying Persistence Unit PUnit; session /file:/home/carolina/Desktop/GoCamping/goCamping/target/classes/_PUnit; state Initial; factoryCount 0
[EL Finest]: properties: 2018-07-01 16:10:15.086--ServerSession(1454127753)--Thread(Thread[main,5,main])--property=eclipselink.orm.throw.exceptions; default value=true
[EL Finest]: properties: 2018-07-01 16:10:15.088--ServerSession(1454127753)--Thread(Thread[main,5,main])--property=eclipselink.multitenant.tenants-share-emf; default value=true
[EL Finest]: properties: 2018-07-01 16:10:15.088--ServerSession(1454127753)--Thread(Thread[main,5,main])--property=eclipselink.multitenant.tenants-share-cache; default value=false
[EL Finer]: metadata: 2018-07-01 16:10:15.103--Thread(Thread[main,5,main])--Searching for mapping file: [META-INF/orm.xml] at root URL: [file:/home/carolina/Desktop/GoCamping/goCamping/target/classes/].
[EL Finer]: metadata: 2018-07-01 16:10:15.114--Thread(Thread[main,5,main])--Searching for mapping file: [META-INF/eclipselink-orm.xml] at root URL: [file:/home/carolina/Desktop/GoCamping/goCamping/target/classes/].
[EL Config]: metadata: 2018-07-01 16:10:15.244--ServerSession(1454127753)--Thread(Thread[main,5,main])--The access type for the persistent class [class Persistencia.FavouriteList] is set to [FIELD].
[EL Config]: metadata: 2018-07-01 16:10:15.269--ServerSession(1454127753)--Thread(Thread[main,5,main])--The access type for the persistent class [class Persistencia.Camper] is set to [FIELD].
[EL Config]: metadata: 2018-07-01 16:10:15.281--ServerSession(1454127753)--Thread(Thread[main,5,main])--The target entity (reference) class for the one to one mapping element [field user] is being defaulted to: class Persistencia.Utilizador.
[EL Config]: metadata: 2018-07-01 16:10:15.283--ServerSession(1454127753)--Thread(Thread[main,5,main])--The access type for the persistent class [class Persistencia.Reservation] is set to [FIELD].
[EL Config]: metadata: 2018-07-01 16:10:15.304--ServerSession(1454127753)--Thread(Thread[main,5,main])--The target entity (reference) class for the many to one mapping element [field camper] is being defaulted to: class Persistencia.Camper.
[EL Config]: metadata: 2018-07-01 16:10:15.305--ServerSession(1454127753)--Thread(Thread[main,5,main])--The target entity (reference) class for the many to one mapping element [field campsite] is being defaulted to: class Persistencia.Campsite.
[EL Config]: metadata: 2018-07-01 16:10:15.308--ServerSession(1454127753)--Thread(Thread[main,5,main])--The access type for the persistent class [class Persistencia.CampsiteImage] is set to [FIELD].
[EL Config]: metadata: 2018-07-01 16:10:15.309--ServerSession(1454127753)--Thread(Thread[main,5,main])--The access type for the persistent class [class Persistencia.Manager] is set to [FIELD].
[EL Config]: metadata: 2018-07-01 16:10:15.311--ServerSession(1454127753)--Thread(Thread[main,5,main])--The target entity (reference) class for the one to one mapping element [field user] is being defaulted to: class Persistencia.Utilizador.
[EL Config]: metadata: 2018-07-01 16:10:15.312--ServerSession(1454127753)--Thread(Thread[main,5,main])--The access type for the persistent class [class Persistencia.Utilizador] is set to [FIELD].
[EL Config]: metadata: 2018-07-01 16:10:15.313--ServerSession(1454127753)--Thread(Thread[main,5,main])--The target entity (reference) class for the one to one mapping element [field manager] is being defaulted to: class Persistencia.Manager.
[EL Config]: metadata: 2018-07-01 16:10:15.314--ServerSession(1454127753)--Thread(Thread[main,5,main])--The target entity (reference) class for the one to one mapping element [field camper] is being defaulted to: class Persistencia.Camper.
[EL Config]: metadata: 2018-07-01 16:10:15.32--ServerSession(1454127753)--Thread(Thread[main,5,main])--The access type for the persistent class [class Persistencia.Campsite] is set to [FIELD].
[EL Config]: metadata: 2018-07-01 16:10:15.321--ServerSession(1454127753)--Thread(Thread[main,5,main])--The target entity (reference) class for the many to one mapping element [field manager] is being defaulted to: class Persistencia.Manager.
[EL Config]: metadata: 2018-07-01 16:10:15.323--ServerSession(1454127753)--Thread(Thread[main,5,main])--The alias name for the entity class [class Persistencia.FavouriteList] is being defaulted to: FavouriteList.
[EL Config]: metadata: 2018-07-01 16:10:15.348--ServerSession(1454127753)--Thread(Thread[main,5,main])--The alias name for the entity class [class Persistencia.Camper] is being defaulted to: Camper.
[EL Config]: metadata: 2018-07-01 16:10:15.35--ServerSession(1454127753)--Thread(Thread[main,5,main])--The alias name for the entity class [class Persistencia.Reservation] is being defaulted to: Reservation.
[EL Config]: metadata: 2018-07-01 16:10:15.352--ServerSession(1454127753)--Thread(Thread[main,5,main])--The table name for entity [class Persistencia.Reservation] is being defaulted to: RESERVATION.
[EL Config]: metadata: 2018-07-01 16:10:15.359--ServerSession(1454127753)--Thread(Thread[main,5,main])--The alias name for the entity class [class Persistencia.CampsiteImage] is being defaulted to: CampsiteImage.
[EL Config]: metadata: 2018-07-01 16:10:15.364--ServerSession(1454127753)--Thread(Thread[main,5,main])--The column name for element [imageName] is being defaulted to: IMAGENAME.
[EL Config]: metadata: 2018-07-01 16:10:15.365--ServerSession(1454127753)--Thread(Thread[main,5,main])--The column name for element [campsiteID] is being defaulted to: CAMPSITEID.
[EL Config]: metadata: 2018-07-01 16:10:15.366--ServerSession(1454127753)--Thread(Thread[main,5,main])--The alias name for the entity class [class Persistencia.Manager] is being defaulted to: Manager.
[EL Config]: metadata: 2018-07-01 16:10:15.368--ServerSession(1454127753)--Thread(Thread[main,5,main])--The alias name for the entity class [class Persistencia.Utilizador] is being defaulted to: Utilizador.
[EL Config]: metadata: 2018-07-01 16:10:15.369--ServerSession(1454127753)--Thread(Thread[main,5,main])--The alias name for the entity class [class Persistencia.Campsite] is being defaulted to: Campsite.
[EL Config]: metadata: 2018-07-01 16:10:15.387--ServerSession(1454127753)--Thread(Thread[main,5,main])--The primary key column name for the mapping element [field camper] is being defaulted to: username.
[EL Config]: metadata: 2018-07-01 16:10:15.389--ServerSession(1454127753)--Thread(Thread[main,5,main])--The primary key column name for the mapping element [field campsite] is being defaulted to: id.
[EL Config]: metadata: 2018-07-01 16:10:15.39--ServerSession(1454127753)--Thread(Thread[main,5,main])--The primary key column name for the mapping element [field manager] is being defaulted to: username.
[EL Config]: metadata: 2018-07-01 16:10:15.391--ServerSession(1454127753)--Thread(Thread[main,5,main])--The primary key column name for the mapping element [field camper] is being defaulted to: username.
[EL Config]: metadata: 2018-07-01 16:10:15.394--ServerSession(1454127753)--Thread(Thread[main,5,main])--The primary key column name for the mapping element [field manager] is being defaulted to: username.
[EL Finest]: jpa: 2018-07-01 16:10:15.422--ServerSession(1454127753)--Thread(Thread[main,5,main])--End predeploying Persistence Unit PUnit; session /file:/home/carolina/Desktop/GoCamping/goCamping/target/classes/_PUnit; state Predeployed; factoryCount 0
[EL Finer]: weaver: 2018-07-01 16:10:15.423--Thread(Thread[main,5,main])--JavaSECMPInitializer - transformer is null.
[EL Finest]: jpa: 2018-07-01 16:10:15.424--ServerSession(1454127753)--Thread(Thread[main,5,main])--Begin predeploying Persistence Unit PUnit; session /file:/home/carolina/Desktop/GoCamping/goCamping/target/classes/_PUnit; state Predeployed; factoryCount 0
[EL Finest]: jpa: 2018-07-01 16:10:15.425--ServerSession(1454127753)--Thread(Thread[main,5,main])--End predeploying Persistence Unit PUnit; session /file:/home/carolina/Desktop/GoCamping/goCamping/target/classes/_PUnit; state Predeployed; factoryCount 1
[EL Finer]: metamodel: 2018-07-01 16:10:15.435--ServerSession(1454127753)--Thread(Thread[main,5,main])--Canonical Metamodel class [Persistencia.Camper_] not found during initialization.
[EL Finer]: metamodel: 2018-07-01 16:10:15.437--ServerSession(1454127753)--Thread(Thread[main,5,main])--Canonical Metamodel class [Persistencia.Manager_] not found during initialization.
[EL Finer]: metamodel: 2018-07-01 16:10:15.438--ServerSession(1454127753)--Thread(Thread[main,5,main])--Canonical Metamodel class [Persistencia.Utilizador_] not found during initialization.
[EL Finer]: metamodel: 2018-07-01 16:10:15.438--ServerSession(1454127753)--Thread(Thread[main,5,main])--Canonical Metamodel class [Persistencia.FavouriteList_] not found during initialization.
[EL Finer]: metamodel: 2018-07-01 16:10:15.439--ServerSession(1454127753)--Thread(Thread[main,5,main])--Canonical Metamodel class [Persistencia.Reservation_] not found during initialization.
[EL Finer]: metamodel: 2018-07-01 16:10:15.439--ServerSession(1454127753)--Thread(Thread[main,5,main])--Canonical Metamodel class [Persistencia.CampsiteImage_] not found during initialization.
[EL Finer]: metamodel: 2018-07-01 16:10:15.441--ServerSession(1454127753)--Thread(Thread[main,5,main])--Canonical Metamodel class [Persistencia.Campsite_] not found during initialization.
[EL Finest]: jpa: 2018-07-01 16:10:15.441--ServerSession(1454127753)--Thread(Thread[main,5,main])--Begin deploying Persistence Unit PUnit; session /file:/home/carolina/Desktop/GoCamping/goCamping/target/classes/_PUnit; state Predeployed; factoryCount 1
[EL Finest]: jpa: 2018-07-01 16:10:15.458--ServerSession(1454127753)--Thread(Thread[main,5,main])--Bean Validation Factory was not initialized: [Unable to create a Configuration, because no Bean Validation provider could be found. Add a provider like Hibernate Validator (RI) to your classpath.].
[EL Finer]: server: 2018-07-01 16:10:15.46--Thread(Thread[main,5,main])--Detected server platform: org.eclipse.persistence.platform.server.NoServerPlatform.
[EL Finer]: 2018-07-01 16:10:15.46--Thread(Thread[main,5,main])--initializing session manager
[EL Finer]: server: 2018-07-01 16:10:15.461--ServerSession(1454127753)--Thread(Thread[main,5,main])--Detected server platform: org.eclipse.persistence.platform.server.NoServerPlatform.
[EL Finest]: properties: 2018-07-01 16:10:15.461--ServerSession(1454127753)--Thread(Thread[main,5,main])--property=eclipselink.logging.level; value=ALL; translated value=ALL
[EL Finest]: properties: 2018-07-01 16:10:15.462--ServerSession(1454127753)--Thread(Thread[main,5,main])--property=eclipselink.logging.level; value=ALL; translated value=ALL
[EL Finest]: properties: 2018-07-01 16:10:15.464--ServerSession(1454127753)--Thread(Thread[main,5,main])--property=javax.persistence.jdbc.user; value=tqs_user
[EL Finest]: properties: 2018-07-01 16:10:15.464--ServerSession(1454127753)--Thread(Thread[main,5,main])--property=javax.persistence.jdbc.password; value=xxxxxx
[EL Finest]: properties: 2018-07-01 16:10:15.931--ServerSession(1454127753)--Thread(Thread[main,5,main])--property=javax.persistence.jdbc.driver; value=org.postgresql.Driver
[EL Finest]: properties: 2018-07-01 16:10:15.931--ServerSession(1454127753)--Thread(Thread[main,5,main])--property=javax.persistence.jdbc.url; value=jdbc:postgresql://localhost:5432/tqs_gocamping_bd
[EL Info]: 2018-07-01 16:10:15.934--ServerSession(1454127753)--Thread(Thread[main,5,main])--EclipseLink, version: Eclipse Persistence Services - 2.7.0.v20170811-d680af5
[EL Finest]: connection: 2018-07-01 16:10:15.996--Thread(Thread[main,5,main])--Database platform: org.eclipse.persistence.platform.database.oracle.Oracle12Platform, regular expression: (?is)oracle.*12.*
[EL Finest]: connection: 2018-07-01 16:10:15.997--Thread(Thread[main,5,main])--Database platform: org.eclipse.persistence.platform.database.oracle.Oracle11Platform, regular expression: (?is)oracle.*11.*
[EL Finest]: connection: 2018-07-01 16:10:15.997--Thread(Thread[main,5,main])--Database platform: org.eclipse.persistence.platform.database.oracle.Oracle10Platform, regular expression: (?is)oracle.*10.*
[EL Finest]: connection: 2018-07-01 16:10:15.998--Thread(Thread[main,5,main])--Database platform: org.eclipse.persistence.platform.database.oracle.Oracle9Platform, regular expression: (?is)oracle.*9.*
[EL Finest]: connection: 2018-07-01 16:10:15.999--Thread(Thread[main,5,main])--Database platform: org.eclipse.persistence.platform.database.oracle.OraclePlatform, regular expression: (?is)oracle.*
[EL Finest]: connection: 2018-07-01 16:10:16.0--Thread(Thread[main,5,main])--Database platform: org.eclipse.persistence.platform.database.SQLAnywherePlatform, regular expression: SQL\ Anywhere.*
[EL Finest]: connection: 2018-07-01 16:10:16.001--Thread(Thread[main,5,main])--Database platform: org.eclipse.persistence.platform.database.SybasePlatform, regular expression: (?i)(sybase.*)|(adaptive\ server\ enterprise.*)|(SQL\ Server.*)
[EL Finest]: connection: 2018-07-01 16:10:16.002--Thread(Thread[main,5,main])--Database platform: org.eclipse.persistence.platform.database.SQLServerPlatform, regular expression: (?i)microsoft.*
[EL Finest]: connection: 2018-07-01 16:10:16.004--Thread(Thread[main,5,main])--Database platform: org.eclipse.persistence.platform.database.JavaDBPlatform, regular expression: (?i).*derby.*
[EL Finest]: connection: 2018-07-01 16:10:16.006--Thread(Thread[main,5,main])--Database platform: org.eclipse.persistence.platform.database.DB2ZPlatform, regular expression: (?i).*db2.*dsn.*
[EL Finest]: connection: 2018-07-01 16:10:16.006--Thread(Thread[main,5,main])--Database platform: org.eclipse.persistence.platform.database.DB2MainframePlatform, regular expression: (?i).*(db2|AS).*(AS/400|qsq).*
[EL Finest]: connection: 2018-07-01 16:10:16.008--Thread(Thread[main,5,main])--Database platform: org.eclipse.persistence.platform.database.DB2Platform, regular expression: (?i).*db2.*
[EL Finest]: connection: 2018-07-01 16:10:16.008--Thread(Thread[main,5,main])--Database platform: org.eclipse.persistence.platform.database.PointBasePlatform, regular expression: (?is)pointbase.*
[EL Finest]: connection: 2018-07-01 16:10:16.008--Thread(Thread[main,5,main])--Database platform: org.eclipse.persistence.platform.database.MySQLPlatform, regular expression: (?i)mysql.*
[EL Finest]: connection: 2018-07-01 16:10:16.009--Thread(Thread[main,5,main])--Database platform: org.eclipse.persistence.platform.database.Informix11Platform, regular expression: (?i)(informix.*)|(ids.*)
[EL Finest]: connection: 2018-07-01 16:10:16.01--Thread(Thread[main,5,main])--Database platform: org.eclipse.persistence.platform.database.PostgreSQLPlatform, regular expression: (?is)postgresql.*
[EL Fine]: connection: 2018-07-01 16:10:16.01--Thread(Thread[main,5,main])--Detected database platform: org.eclipse.persistence.platform.database.PostgreSQLPlatform
[EL Config]: connection: 2018-07-01 16:10:16.022--ServerSession(1454127753)--Connection(1552999801)--Thread(Thread[main,5,main])--connecting(DatabaseLogin(
	platform=&gt;PostgreSQLPlatform
	user name=&gt; &quot;tqs_user&quot;
	datasource URL=&gt; &quot;jdbc:postgresql://localhost:5432/tqs_gocamping_bd&quot;
))
[EL Config]: connection: 2018-07-01 16:10:16.027--ServerSession(1454127753)--Connection(1491755116)--Thread(Thread[main,5,main])--Connected: jdbc:postgresql://localhost:5432/tqs_gocamping_bd
	User: tqs_user
	Database: PostgreSQL  Version: 10.3 (Ubuntu 10.3-1)
	Driver: PostgreSQL Native Driver  Version: PostgreSQL 9.1 JDBC4 (build 901)
[EL Finest]: connection: 2018-07-01 16:10:16.027--ServerSession(1454127753)--Connection(1491755116)--Thread(Thread[main,5,main])--Connection acquired from connection pool [default].
[EL Finest]: connection: 2018-07-01 16:10:16.028--ServerSession(1454127753)--Connection(1491755116)--Thread(Thread[main,5,main])--Connection released to connection pool [default].
[EL Finest]: sequencing: 2018-07-01 16:10:16.039--ServerSession(1454127753)--Thread(Thread[main,5,main])--sequencing connected, state is Preallocation_Transaction_NoAccessor_State
[EL Finest]: sequencing: 2018-07-01 16:10:16.039--ServerSession(1454127753)--Thread(Thread[main,5,main])--sequence SEQUENCE: preallocation size 50
[EL Finest]: sequencing: 2018-07-01 16:10:16.04--ServerSession(1454127753)--Thread(Thread[main,5,main])--sequence SEQ_GEN: preallocation size 50
[EL Info]: connection: 2018-07-01 16:10:16.093--ServerSession(1454127753)--Thread(Thread[main,5,main])--/file:/home/carolina/Desktop/GoCamping/goCamping/target/classes/_PUnit login successful
[EL Finest]: query: 2018-07-01 16:10:16.138--ServerSession(1454127753)--Connection(1491755116)--Thread(Thread[main,5,main])--query column meta data (null.null.Camper.null)
[EL Finest]: query: 2018-07-01 16:10:16.142--ServerSession(1454127753)--Connection(1491755116)--Thread(Thread[main,5,main])--query column meta data (null.null.CAMPER.null)
[EL Finest]: query: 2018-07-01 16:10:16.145--ServerSession(1454127753)--Connection(1491755116)--Thread(Thread[main,5,main])--query column meta data (null.null.camper.null)
[EL Finest]: query: 2018-07-01 16:10:16.16--ServerSession(1454127753)--Connection(1491755116)--Thread(Thread[main,5,main])--query column meta data (null.null.Manager.null)
[EL Finest]: query: 2018-07-01 16:10:16.164--ServerSession(1454127753)--Connection(1491755116)--Thread(Thread[main,5,main])--query column meta data (null.null.MANAGER.null)
[EL Finest]: query: 2018-07-01 16:10:16.167--ServerSession(1454127753)--Connection(1491755116)--Thread(Thread[main,5,main])--query column meta data (null.null.manager.null)
[EL Finest]: query: 2018-07-01 16:10:16.175--ServerSession(1454127753)--Connection(1491755116)--Thread(Thread[main,5,main])--query column meta data (null.null.Utilizador.null)
[EL Finest]: query: 2018-07-01 16:10:16.176--ServerSession(1454127753)--Connection(1491755116)--Thread(Thread[main,5,main])--query column meta data (null.null.UTILIZADOR.null)
[EL Finest]: query: 2018-07-01 16:10:16.178--ServerSession(1454127753)--Connection(1491755116)--Thread(Thread[main,5,main])--query column meta data (null.null.utilizador.null)
[EL Finest]: query: 2018-07-01 16:10:16.18--ServerSession(1454127753)--Connection(1491755116)--Thread(Thread[main,5,main])--query column meta data (null.null.FavouriteList.null)
[EL Finest]: query: 2018-07-01 16:10:16.182--ServerSession(1454127753)--Connection(1491755116)--Thread(Thread[main,5,main])--query column meta data (null.null.FAVOURITELIST.null)
[EL Finest]: query: 2018-07-01 16:10:16.184--ServerSession(1454127753)--Connection(1491755116)--Thread(Thread[main,5,main])--query column meta data (null.null.favouritelist.null)
[EL Finest]: query: 2018-07-01 16:10:16.188--ServerSession(1454127753)--Connection(1491755116)--Thread(Thread[main,5,main])--query column meta data (null.null.RESERVATION.null)
[EL Finest]: query: 2018-07-01 16:10:16.189--ServerSession(1454127753)--Connection(1491755116)--Thread(Thread[main,5,main])--query column meta data (null.null.RESERVATION.null)
[EL Finest]: query: 2018-07-01 16:10:16.195--ServerSession(1454127753)--Connection(1491755116)--Thread(Thread[main,5,main])--query column meta data (null.null.reservation.null)
[EL Finest]: query: 2018-07-01 16:10:16.199--ServerSession(1454127753)--Connection(1491755116)--Thread(Thread[main,5,main])--query column meta data (null.null.CampsiteImage.null)
[EL Finest]: query: 2018-07-01 16:10:16.201--ServerSession(1454127753)--Connection(1491755116)--Thread(Thread[main,5,main])--query column meta data (null.null.CAMPSITEIMAGE.null)
[EL Finest]: query: 2018-07-01 16:10:16.204--ServerSession(1454127753)--Connection(1491755116)--Thread(Thread[main,5,main])--query column meta data (null.null.campsiteimage.null)
[EL Finest]: query: 2018-07-01 16:10:16.209--ServerSession(1454127753)--Connection(1491755116)--Thread(Thread[main,5,main])--query column meta data (null.null.Campsite.null)
[EL Finest]: query: 2018-07-01 16:10:16.219--ServerSession(1454127753)--Connection(1491755116)--Thread(Thread[main,5,main])--query column meta data (null.null.CAMPSITE.null)
[EL Finest]: query: 2018-07-01 16:10:16.22--ServerSession(1454127753)--Connection(1491755116)--Thread(Thread[main,5,main])--query column meta data (null.null.campsite.null)
[EL Finest]: query: 2018-07-01 16:10:16.223--ServerSession(1454127753)--Thread(Thread[main,5,main])--Execute query DataModifyQuery(sql=&quot;ALTER TABLE Utilizador ADD CONSTRAINT FK_Utilizador_manager FOREIGN KEY (manager) REFERENCES Manager (username)&quot;)
[EL Finest]: connection: 2018-07-01 16:10:16.223--ServerSession(1454127753)--Connection(1491755116)--Thread(Thread[main,5,main])--Connection acquired from connection pool [default].
[EL Fine]: sql: 2018-07-01 16:10:16.223--ServerSession(1454127753)--Connection(1491755116)--Thread(Thread[main,5,main])--ALTER TABLE Utilizador ADD CONSTRAINT FK_Utilizador_manager FOREIGN KEY (manager) REFERENCES Manager (username)
[EL Fine]: sql: 2018-07-01 16:10:16.227--ServerSession(1454127753)--Thread(Thread[main,5,main])--SELECT 1
[EL Finest]: connection: 2018-07-01 16:10:16.238--ServerSession(1454127753)--Connection(1491755116)--Thread(Thread[main,5,main])--Connection released to connection pool [default].
[EL Warning]: 2018-07-01 16:10:16.238--ServerSession(1454127753)--Thread(Thread[main,5,main])--Exception [EclipseLink-4002] (Eclipse Persistence Services - 2.7.0.v20170811-d680af5): org.eclipse.persistence.exceptions.DatabaseException
Internal Exception: org.postgresql.util.PSQLException: ERROR: constraint &quot;fk_utilizador_manager&quot; for relation &quot;utilizador&quot; already exists
Error Code: 0
Call: ALTER TABLE Utilizador ADD CONSTRAINT FK_Utilizador_manager FOREIGN KEY (manager) REFERENCES Manager (username)
Query: DataModifyQuery(sql=&quot;ALTER TABLE Utilizador ADD CONSTRAINT FK_Utilizador_manager FOREIGN KEY (manager) REFERENCES Manager (username)&quot;)
[EL Finest]: query: 2018-07-01 16:10:16.24--ServerSession(1454127753)--Thread(Thread[main,5,main])--Execute query DataModifyQuery(sql=&quot;ALTER TABLE RESERVATION ADD CONSTRAINT FK_RESERVATION_camper FOREIGN KEY (camper) REFERENCES Camper (username)&quot;)
[EL Finest]: connection: 2018-07-01 16:10:16.241--ServerSession(1454127753)--Connection(1491755116)--Thread(Thread[main,5,main])--Connection acquired from connection pool [default].
[EL Fine]: sql: 2018-07-01 16:10:16.241--ServerSession(1454127753)--Connection(1491755116)--Thread(Thread[main,5,main])--ALTER TABLE RESERVATION ADD CONSTRAINT FK_RESERVATION_camper FOREIGN KEY (camper) REFERENCES Camper (username)
[EL Fine]: sql: 2018-07-01 16:10:16.242--ServerSession(1454127753)--Thread(Thread[main,5,main])--SELECT 1
[EL Finest]: connection: 2018-07-01 16:10:16.243--ServerSession(1454127753)--Connection(1491755116)--Thread(Thread[main,5,main])--Connection released to connection pool [default].
[EL Warning]: 2018-07-01 16:10:16.244--ServerSession(1454127753)--Thread(Thread[main,5,main])--Exception [EclipseLink-4002] (Eclipse Persistence Services - 2.7.0.v20170811-d680af5): org.eclipse.persistence.exceptions.DatabaseException
Internal Exception: org.postgresql.util.PSQLException: ERROR: constraint &quot;fk_reservation_camper&quot; for relation &quot;reservation&quot; already exists
Error Code: 0
Call: ALTER TABLE RESERVATION ADD CONSTRAINT FK_RESERVATION_camper FOREIGN KEY (camper) REFERENCES Camper (username)
Query: DataModifyQuery(sql=&quot;ALTER TABLE RESERVATION ADD CONSTRAINT FK_RESERVATION_camper FOREIGN KEY (camper) REFERENCES Camper (username)&quot;)
[EL Finest]: query: 2018-07-01 16:10:16.244--ServerSession(1454127753)--Thread(Thread[main,5,main])--Execute query DataModifyQuery(sql=&quot;ALTER TABLE Campsite ADD CONSTRAINT FK_Campsite_manager FOREIGN KEY (manager) REFERENCES Manager (username)&quot;)
[EL Finest]: connection: 2018-07-01 16:10:16.244--ServerSession(1454127753)--Connection(1491755116)--Thread(Thread[main,5,main])--Connection acquired from connection pool [default].
[EL Fine]: sql: 2018-07-01 16:10:16.244--ServerSession(1454127753)--Connection(1491755116)--Thread(Thread[main,5,main])--ALTER TABLE Campsite ADD CONSTRAINT FK_Campsite_manager FOREIGN KEY (manager) REFERENCES Manager (username)
[EL Fine]: sql: 2018-07-01 16:10:16.245--ServerSession(1454127753)--Thread(Thread[main,5,main])--SELECT 1
[EL Finest]: connection: 2018-07-01 16:10:16.246--ServerSession(1454127753)--Connection(1491755116)--Thread(Thread[main,5,main])--Connection released to connection pool [default].
[EL Warning]: 2018-07-01 16:10:16.246--ServerSession(1454127753)--Thread(Thread[main,5,main])--Exception [EclipseLink-4002] (Eclipse Persistence Services - 2.7.0.v20170811-d680af5): org.eclipse.persistence.exceptions.DatabaseException
Internal Exception: org.postgresql.util.PSQLException: ERROR: constraint &quot;fk_campsite_manager&quot; for relation &quot;campsite&quot; already exists
Error Code: 0
Call: ALTER TABLE Campsite ADD CONSTRAINT FK_Campsite_manager FOREIGN KEY (manager) REFERENCES Manager (username)
Query: DataModifyQuery(sql=&quot;ALTER TABLE Campsite ADD CONSTRAINT FK_Campsite_manager FOREIGN KEY (manager) REFERENCES Manager (username)&quot;)
[EL Finest]: query: 2018-07-01 16:10:16.252--ServerSession(1454127753)--Thread(Thread[main,5,main])--Execute query DataReadQuery(sql=&quot;SELECT * FROM SEQUENCE WHERE SEQ_NAME = &apos;SEQ_GEN&apos;&quot;)
[EL Finest]: connection: 2018-07-01 16:10:16.255--ServerSession(1454127753)--Connection(1491755116)--Thread(Thread[main,5,main])--Connection acquired from connection pool [default].
[EL Fine]: sql: 2018-07-01 16:10:16.257--ServerSession(1454127753)--Connection(1491755116)--Thread(Thread[main,5,main])--SELECT * FROM SEQUENCE WHERE SEQ_NAME = &apos;SEQ_GEN&apos;
[EL Finest]: connection: 2018-07-01 16:10:16.262--ServerSession(1454127753)--Connection(1491755116)--Thread(Thread[main,5,main])--Connection released to connection pool [default].
[EL Finest]: query: 2018-07-01 16:10:16.265--ServerSession(1454127753)--Thread(Thread[main,5,main])--Execute query DataReadQuery(sql=&quot;SELECT * FROM SEQUENCE WHERE SEQ_NAME = &apos;SEQ_GEN&apos;&quot;)
[EL Finest]: connection: 2018-07-01 16:10:16.267--ServerSession(1454127753)--Connection(1491755116)--Thread(Thread[main,5,main])--Connection acquired from connection pool [default].
[EL Fine]: sql: 2018-07-01 16:10:16.27--ServerSession(1454127753)--Connection(1491755116)--Thread(Thread[main,5,main])--SELECT * FROM SEQUENCE WHERE SEQ_NAME = &apos;SEQ_GEN&apos;
[EL Finest]: connection: 2018-07-01 16:10:16.272--ServerSession(1454127753)--Connection(1491755116)--Thread(Thread[main,5,main])--Connection released to connection pool [default].
[EL Finer]: metamodel: 2018-07-01 16:10:16.275--ServerSession(1454127753)--Thread(Thread[main,5,main])--Canonical Metamodel class [Persistencia.Camper_] not found during initialization.
[EL Finer]: metamodel: 2018-07-01 16:10:16.275--ServerSession(1454127753)--Thread(Thread[main,5,main])--Canonical Metamodel class [Persistencia.Manager_] not found during initialization.
[EL Finer]: metamodel: 2018-07-01 16:10:16.276--ServerSession(1454127753)--Thread(Thread[main,5,main])--Canonical Metamodel class [Persistencia.Utilizador_] not found during initialization.
[EL Finer]: metamodel: 2018-07-01 16:10:16.277--ServerSession(1454127753)--Thread(Thread[main,5,main])--Canonical Metamodel class [Persistencia.FavouriteList_] not found during initialization.
[EL Finer]: metamodel: 2018-07-01 16:10:16.278--ServerSession(1454127753)--Thread(Thread[main,5,main])--Canonical Metamodel class [Persistencia.Reservation_] not found during initialization.
[EL Finer]: metamodel: 2018-07-01 16:10:16.278--ServerSession(1454127753)--Thread(Thread[main,5,main])--Canonical Metamodel class [Persistencia.CampsiteImage_] not found during initialization.
[EL Finer]: metamodel: 2018-07-01 16:10:16.304--ServerSession(1454127753)--Thread(Thread[main,5,main])--Canonical Metamodel class [Persistencia.Campsite_] not found during initialization.
[EL Finest]: jpa: 2018-07-01 16:10:16.31--ServerSession(1454127753)--Thread(Thread[main,5,main])--End deploying Persistence Unit PUnit; session /file:/home/carolina/Desktop/GoCamping/goCamping/target/classes/_PUnit; state Deployed; factoryCount 1
Testing saveCamper
new camper
[EL Finer]: connection: 2018-07-01 16:10:16.385--ServerSession(1454127753)--Thread(Thread[main,5,main])--client acquired: 1412794598
[EL Finer]: transaction: 2018-07-01 16:10:16.413--ClientSession(1412794598)--Thread(Thread[main,5,main])--acquire unit of work: 1670546046
at the start of transaction
[EL Finest]: transaction: 2018-07-01 16:10:16.415--UnitOfWork(1670546046)--Thread(Thread[main,5,main])--PERSIST operation called on: Persistencia.Camper[ full name=João Pais ].
[EL Finer]: transaction: 2018-07-01 16:10:16.421--UnitOfWork(1670546046)--Thread(Thread[main,5,main])--begin unit of work commit
[EL Finest]: query: 2018-07-01 16:10:16.432--UnitOfWork(1670546046)--Thread(Thread[main,5,main])--Execute query InsertObjectQuery(Persistencia.Camper[ full name=João Pais ])
[EL Finest]: connection: 2018-07-01 16:10:16.435--ServerSession(1454127753)--Connection(1491755116)--Thread(Thread[main,5,main])--Connection acquired from connection pool [default].
[EL Finer]: transaction: 2018-07-01 16:10:16.44--ClientSession(1412794598)--Connection(1491755116)--Thread(Thread[main,5,main])--begin transaction
[EL Fine]: sql: 2018-07-01 16:10:16.442--ClientSession(1412794598)--Connection(1491755116)--Thread(Thread[main,5,main])--INSERT INTO Camper (username, NIF, campsiteCard, email, fullname) VALUES (?, ?, ?, ?, ?)
	bind =&gt; [janota, 2318473, 34, pais@mail.com, João Pais]
[EL Finer]: transaction: 2018-07-01 16:10:16.46--ClientSession(1412794598)--Connection(1491755116)--Thread(Thread[main,5,main])--commit transaction
[EL Finest]: connection: 2018-07-01 16:10:16.467--ServerSession(1454127753)--Connection(1491755116)--Thread(Thread[main,5,main])--Connection released to connection pool [default].
[EL Finer]: transaction: 2018-07-01 16:10:16.469--UnitOfWork(1670546046)--Thread(Thread[main,5,main])--end unit of work commit
[EL Finer]: transaction: 2018-07-01 16:10:16.47--UnitOfWork(1670546046)--Thread(Thread[main,5,main])--resume unit of work
just after comit
[EL Finest]: query: 2018-07-01 16:10:16.481--UnitOfWork(1670546046)--Thread(Thread[main,5,main])--Execute query ReadObjectQuery(name=&quot;readCamper&quot; referenceClass=Camper sql=&quot;SELECT username, NIF, campsiteCard, email, fullname FROM Camper WHERE (username = ?)&quot;)
[EL Finest]: transaction: 2018-07-01 16:10:16.482--UnitOfWork(1670546046)--Thread(Thread[main,5,main])--The remove operation has been performed on: Persistencia.Camper[ full name=João Pais ]
[EL Finer]: transaction: 2018-07-01 16:10:16.482--UnitOfWork(1670546046)--Thread(Thread[main,5,main])--begin unit of work commit
[EL Finest]: query: 2018-07-01 16:10:16.484--UnitOfWork(1670546046)--Thread(Thread[main,5,main])--Execute query DoesExistQuery(referenceClass=Camper )
[EL Finest]: query: 2018-07-01 16:10:16.485--UnitOfWork(1670546046)--Thread(Thread[main,5,main])--Execute query DeleteObjectQuery(Persistencia.Camper[ full name=João Pais ])
[EL Finest]: connection: 2018-07-01 16:10:16.486--ServerSession(1454127753)--Connection(1491755116)--Thread(Thread[main,5,main])--Connection acquired from connection pool [default].
[EL Finer]: transaction: 2018-07-01 16:10:16.486--ClientSession(1412794598)--Connection(1491755116)--Thread(Thread[main,5,main])--begin transaction
[EL Fine]: sql: 2018-07-01 16:10:16.487--ClientSession(1412794598)--Connection(1491755116)--Thread(Thread[main,5,main])--DELETE FROM Camper WHERE (username = ?)
	bind =&gt; [janota]
[EL Finer]: transaction: 2018-07-01 16:10:16.489--ClientSession(1412794598)--Connection(1491755116)--Thread(Thread[main,5,main])--commit transaction
[EL Finest]: connection: 2018-07-01 16:10:16.491--ServerSession(1454127753)--Connection(1491755116)--Thread(Thread[main,5,main])--Connection released to connection pool [default].
[EL Finer]: transaction: 2018-07-01 16:10:16.491--UnitOfWork(1670546046)--Thread(Thread[main,5,main])--end unit of work commit
[EL Finer]: transaction: 2018-07-01 16:10:16.493--UnitOfWork(1670546046)--Thread(Thread[main,5,main])--resume unit of work
</system-out>
  </testcase>
</testsuite>