<?xml version="1.0" encoding="UTF-8"?>
<testsuite xmlns:xsi="http://www.w3.org/2001/XMLSchema-instance" xsi:noNamespaceSchemaLocation="https://maven.apache.org/surefire/maven-failsafe-plugin/xsd/failsafe-test-report.xsd" name="BackendBeans.NewSessionBeanIT" time="0.718" tests="14" errors="0" skipped="0" failures="0">
  <properties>
[...]
</properties>
  <testcase name="saveCamperUtilizador" classname="BackendBeans.NewSessionBeanIT" time="0.08"/>
  <testcase name="saveManagerUtilizador" classname="BackendBeans.NewSessionBeanIT" time="0.054"/>
  <testcase name="saveCampsite" classname="BackendBeans.NewSessionBeanIT" time="0.044"/>
  <testcase name="searchCampsite" classname="BackendBeans.NewSessionBeanIT" time="0.029"/>
  <testcase name="addFavouriteList" classname="BackendBeans.NewSessionBeanIT" time="0.046"/>
  <testcase name="makeReservation" classname="BackendBeans.NewSessionBeanIT" time="0.047"/>
  <testcase name="updateManagerPersonalInformation" classname="BackendBeans.NewSessionBeanIT" time="0.033"/>
  <testcase name="updateCamperPersonalInformation" classname="BackendBeans.NewSessionBeanIT" time="0.031"/>
  <testcase name="updateCampsite" classname="BackendBeans.NewSessionBeanIT" time="0.052"/>
  <testcase name="removeReservation" classname="BackendBeans.NewSessionBeanIT" time="0.033"/>
  <testcase name="removeFavouriteList" classname="BackendBeans.NewSessionBeanIT" time="0.032"/>
  <testcase name="deleteCampsite" classname="BackendBeans.NewSessionBeanIT" time="0.035"/>
  <testcase name="deleteManager" classname="BackendBeans.NewSessionBeanIT" time="0.038"/>
  <testcase name="deleteCamper" classname="BackendBeans.NewSessionBeanIT" time="0.037"/>
</testsuite>